c:\users\myles\dropbox (self storage 1)\desktop\cardiffmyles_gap321_mod03\slothengine\slothengine\temp\x64_debug\vc142.pdb
c:\users\myles\dropbox (self storage 1)\desktop\cardiffmyles_gap321_mod03\slothengine\slothengine\temp\x64_debug\vc142.idb
c:\users\myles\dropbox (self storage 1)\desktop\cardiffmyles_gap321_mod03\slothengine\slothengine\temp\x64_debug\ikeyboard.gen.obj
c:\users\myles\dropbox (self storage 1)\desktop\cardiffmyles_gap321_mod03\slothengine\slothengine\temp\x64_debug\ikeyboard.obj
c:\users\myles\dropbox (self storage 1)\desktop\cardiffmyles_gap321_mod03\slothengine\slothengine\temp\x64_debug\imouse.obj
c:\users\myles\dropbox (self storage 1)\desktop\cardiffmyles_gap321_mod03\slothengine\slothengine\temp\x64_debug\sfmltexture.obj
c:\users\myles\dropbox (self storage 1)\desktop\cardiffmyles_gap321_mod03\slothengine\slothengine\temp\x64_debug\sfmlgraphics.obj
c:\users\myles\dropbox (self storage 1)\desktop\cardiffmyles_gap321_mod03\slothengine\slothengine\temp\x64_debug\sfmldebugphysicsrenderer.obj
c:\users\myles\dropbox (self storage 1)\desktop\cardiffmyles_gap321_mod03\slothengine\slothengine\temp\x64_debug\itexture.obj
c:\users\myles\dropbox (self storage 1)\desktop\cardiffmyles_gap321_mod03\slothengine\slothengine\temp\x64_debug\sfmlsoundeffect.obj
c:\users\myles\dropbox (self storage 1)\desktop\cardiffmyles_gap321_mod03\slothengine\slothengine\temp\x64_debug\sfmlmusic.obj
c:\users\myles\dropbox (self storage 1)\desktop\cardiffmyles_gap321_mod03\slothengine\slothengine\temp\x64_debug\sfmlaudiosystem.obj
c:\users\myles\dropbox (self storage 1)\desktop\cardiffmyles_gap321_mod03\slothengine\slothengine\temp\x64_debug\sfmlwindow.obj
c:\users\myles\dropbox (self storage 1)\desktop\cardiffmyles_gap321_mod03\slothengine\slothengine\temp\x64_debug\iwindow.obj
c:\users\myles\dropbox (self storage 1)\desktop\cardiffmyles_gap321_mod03\slothengine\slothengine\temp\x64_debug\windowssystem.obj
c:\users\myles\dropbox (self storage 1)\desktop\cardiffmyles_gap321_mod03\slothengine\slothengine\temp\x64_debug\isystem.obj
c:\users\myles\dropbox (self storage 1)\desktop\cardiffmyles_gap321_mod03\slothengine\slothengine\temp\x64_debug\textureresource.obj
c:\users\myles\dropbox (self storage 1)\desktop\cardiffmyles_gap321_mod03\slothengine\slothengine\temp\x64_debug\soundresource.obj
c:\users\myles\dropbox (self storage 1)\desktop\cardiffmyles_gap321_mod03\slothengine\slothengine\temp\x64_debug\resourcefile.obj
c:\users\myles\dropbox (self storage 1)\desktop\cardiffmyles_gap321_mod03\slothengine\slothengine\temp\x64_debug\musicresource.obj
c:\users\myles\dropbox (self storage 1)\desktop\cardiffmyles_gap321_mod03\slothengine\slothengine\temp\x64_debug\iresource.obj
c:\users\myles\dropbox (self storage 1)\desktop\cardiffmyles_gap321_mod03\slothengine\slothengine\temp\x64_debug\applicationlayer.obj
c:\users\myles\dropbox (self storage 1)\desktop\cardiffmyles_gap321_mod03\slothengine\slothengine\temp\x64_debug\actor.gen.obj
c:\users\myles\dropbox (self storage 1)\desktop\cardiffmyles_gap321_mod03\slothengine\slothengine\temp\x64_debug\eventdispatcher.obj
c:\users\myles\dropbox (self storage 1)\desktop\cardiffmyles_gap321_mod03\slothengine\slothengine\temp\x64_debug\collisionevent.obj
c:\users\myles\dropbox (self storage 1)\desktop\cardiffmyles_gap321_mod03\slothengine\slothengine\temp\x64_debug\triggercomponent.obj
c:\users\myles\dropbox (self storage 1)\desktop\cardiffmyles_gap321_mod03\slothengine\slothengine\temp\x64_debug\transformcomponent.gen.obj
c:\users\myles\dropbox (self storage 1)\desktop\cardiffmyles_gap321_mod03\slothengine\slothengine\temp\x64_debug\transformcomponent.obj
c:\users\myles\dropbox (self storage 1)\desktop\cardiffmyles_gap321_mod03\slothengine\slothengine\temp\x64_debug\textcomponent.obj
c:\users\myles\dropbox (self storage 1)\desktop\cardiffmyles_gap321_mod03\slothengine\slothengine\temp\x64_debug\spritecomponent.obj
c:\users\myles\dropbox (self storage 1)\desktop\cardiffmyles_gap321_mod03\slothengine\slothengine\temp\x64_debug\rigidbodycomponent.obj
c:\users\myles\dropbox (self storage 1)\desktop\cardiffmyles_gap321_mod03\slothengine\slothengine\temp\x64_debug\rigidbodycomponent.gen.obj
c:\users\myles\dropbox (self storage 1)\desktop\cardiffmyles_gap321_mod03\slothengine\slothengine\temp\x64_debug\renderboxcomponent.obj
c:\users\myles\dropbox (self storage 1)\desktop\cardiffmyles_gap321_mod03\slothengine\slothengine\temp\x64_debug\idrawablecomponent.obj
c:\users\myles\dropbox (self storage 1)\desktop\cardiffmyles_gap321_mod03\slothengine\slothengine\temp\x64_debug\icomponent.obj
c:\users\myles\dropbox (self storage 1)\desktop\cardiffmyles_gap321_mod03\slothengine\slothengine\temp\x64_debug\collidercomponent.obj
c:\users\myles\dropbox (self storage 1)\desktop\cardiffmyles_gap321_mod03\slothengine\slothengine\temp\x64_debug\animationcomponent.obj
c:\users\myles\dropbox (self storage 1)\desktop\cardiffmyles_gap321_mod03\slothengine\slothengine\temp\x64_debug\animationmanager.obj
c:\users\myles\dropbox (self storage 1)\desktop\cardiffmyles_gap321_mod03\slothengine\slothengine\temp\x64_debug\animation.obj
c:\users\myles\dropbox (self storage 1)\desktop\cardiffmyles_gap321_mod03\slothengine\slothengine\temp\x64_debug\actorfactory.obj
c:\users\myles\dropbox (self storage 1)\desktop\cardiffmyles_gap321_mod03\slothengine\slothengine\temp\x64_debug\actor.obj
c:\users\myles\dropbox (self storage 1)\desktop\cardiffmyles_gap321_mod03\slothengine\slothengine\temp\x64_debug\logger.obj
c:\users\myles\dropbox (self storage 1)\desktop\cardiffmyles_gap321_mod03\slothengine\slothengine\temp\x64_debug\imouse.gen.obj
c:\users\myles\dropbox (self storage 1)\desktop\cardiffmyles_gap321_mod03\slothengine\slothengine\temp\x64_debug\utilities.obj
c:\users\myles\dropbox (self storage 1)\desktop\cardiffmyles_gap321_mod03\slothengine\slothengine\temp\x64_debug\rng.obj
c:\users\myles\dropbox (self storage 1)\desktop\cardiffmyles_gap321_mod03\slothengine\slothengine\temp\x64_debug\noise.obj
c:\users\myles\dropbox (self storage 1)\desktop\cardiffmyles_gap321_mod03\slothengine\slothengine\temp\x64_debug\fileutil.obj
c:\users\myles\dropbox (self storage 1)\desktop\cardiffmyles_gap321_mod03\slothengine\slothengine\temp\x64_debug\datetime.obj
c:\users\myles\dropbox (self storage 1)\desktop\cardiffmyles_gap321_mod03\slothengine\slothengine\temp\x64_debug\cellularautomaton.obj
c:\users\myles\dropbox (self storage 1)\desktop\cardiffmyles_gap321_mod03\slothengine\slothengine\temp\x64_debug\bsptreenode.obj
c:\users\myles\dropbox (self storage 1)\desktop\cardiffmyles_gap321_mod03\slothengine\slothengine\temp\x64_debug\bsptree.obj
c:\users\myles\dropbox (self storage 1)\desktop\cardiffmyles_gap321_mod03\slothengine\slothengine\temp\x64_debug\world.obj
c:\users\myles\dropbox (self storage 1)\desktop\cardiffmyles_gap321_mod03\slothengine\slothengine\temp\x64_debug\tileset.obj
c:\users\myles\dropbox (self storage 1)\desktop\cardiffmyles_gap321_mod03\slothengine\slothengine\temp\x64_debug\map.obj
c:\users\myles\dropbox (self storage 1)\desktop\cardiffmyles_gap321_mod03\slothengine\slothengine\temp\x64_debug\layer.obj
c:\users\myles\dropbox (self storage 1)\desktop\cardiffmyles_gap321_mod03\slothengine\slothengine\temp\x64_debug\processmanager.obj
c:\users\myles\dropbox (self storage 1)\desktop\cardiffmyles_gap321_mod03\slothengine\slothengine\temp\x64_debug\iprocess.obj
c:\users\myles\dropbox (self storage 1)\desktop\cardiffmyles_gap321_mod03\slothengine\slothengine\temp\x64_debug\animationprocess.obj
c:\users\myles\dropbox (self storage 1)\desktop\cardiffmyles_gap321_mod03\slothengine\slothengine\temp\x64_debug\igamelayer.gen.obj
c:\users\myles\dropbox (self storage 1)\desktop\cardiffmyles_gap321_mod03\slothengine\slothengine\temp\x64_debug\igamelayer.obj
c:\users\myles\dropbox (self storage 1)\desktop\cardiffmyles_gap321_mod03\slothengine\slothengine\temp\x64_debug\gridtile.obj
c:\users\myles\dropbox (self storage 1)\desktop\cardiffmyles_gap321_mod03\slothengine\slothengine\temp\x64_debug\gridsystem.obj
c:\users\myles\dropbox (self storage 1)\desktop\cardiffmyles_gap321_mod03\slothengine\slothengine\temp\x64_debug\ievent.obj
c:\users\myles\dropbox (self storage 1)\desktop\cardiffmyles_gap321_mod03\slothengine\slothengine\temp\x64_debug\tinyxml2.obj
c:\users\myles\dropbox (self storage 1)\desktop\cardiffmyles_gap321_mod03\slothengine\slothengine\temp\x64_debug\iview.obj
c:\users\myles\dropbox (self storage 1)\desktop\cardiffmyles_gap321_mod03\slothengine\slothengine\libs\x64_debug\slothengine.ilk
c:\users\myles\dropbox (self storage 1)\desktop\cardiffmyles_gap321_mod03\slothengine\slothengine\libs\x64_debug\slothengine.dll
c:\users\myles\dropbox (self storage 1)\desktop\cardiffmyles_gap321_mod03\slothengine\slothengine\libs\x64_debug\slothengine.pdb
c:\users\myles\dropbox (self storage 1)\desktop\cardiffmyles_gap321_mod03\slothengine\slothengine\libs\x64_debug\slothengine.lib
c:\users\myles\dropbox (self storage 1)\desktop\cardiffmyles_gap321_mod03\slothengine\slothengine\libs\x64_debug\slothengine.exp
c:\users\myles\dropbox (self storage 1)\desktop\cardiffmyles_gap321_mod03\slothengine\slothengine\temp\x64_debug\slothengine.tlog\cl.command.1.tlog
c:\users\myles\dropbox (self storage 1)\desktop\cardiffmyles_gap321_mod03\slothengine\slothengine\temp\x64_debug\slothengine.tlog\cl.read.1.tlog
c:\users\myles\dropbox (self storage 1)\desktop\cardiffmyles_gap321_mod03\slothengine\slothengine\temp\x64_debug\slothengine.tlog\cl.write.1.tlog
c:\users\myles\dropbox (self storage 1)\desktop\cardiffmyles_gap321_mod03\slothengine\slothengine\temp\x64_debug\slothengine.tlog\link.command.1.tlog
c:\users\myles\dropbox (self storage 1)\desktop\cardiffmyles_gap321_mod03\slothengine\slothengine\temp\x64_debug\slothengine.tlog\link.read.1.tlog
c:\users\myles\dropbox (self storage 1)\desktop\cardiffmyles_gap321_mod03\slothengine\slothengine\temp\x64_debug\slothengine.tlog\link.write.1.tlog
c:\users\myles\dropbox (self storage 1)\desktop\cardiffmyles_gap321_mod03\slothengine\slothengine\temp\x64_debug\slothengine.tlog\slothengine.write.1u.tlog
