c:\users\myles\dropbox (self storage 1)\desktop\cardiffmyles_gap321_mod03\gap321\game\x64\debug\vc142.pdb
c:\users\myles\dropbox (self storage 1)\desktop\cardiffmyles_gap321_mod03\gap321\game\x64\debug\vc142.idb
c:\users\myles\dropbox (self storage 1)\desktop\cardiffmyles_gap321_mod03\gap321\game\x64\debug\tinyxml2.obj
c:\users\myles\dropbox (self storage 1)\desktop\cardiffmyles_gap321_mod03\gap321\game\x64\debug\main.obj
c:\users\myles\dropbox (self storage 1)\desktop\cardiffmyles_gap321_mod03\gap321\game\x64\debug\gamelogic.obj
c:\users\myles\dropbox (self storage 1)\desktop\cardiffmyles_gap321_mod03\gap321\game\x64\debug\gameapp.obj
c:\users\myles\dropbox (self storage 1)\desktop\cardiffmyles_gap321_mod03\gap321\game\x64\debug\turnbehavior.obj
c:\users\myles\dropbox (self storage 1)\desktop\cardiffmyles_gap321_mod03\gap321\game\x64\debug\teleportbehavior.obj
c:\users\myles\dropbox (self storage 1)\desktop\cardiffmyles_gap321_mod03\gap321\game\x64\debug\speakbehavior.obj
c:\users\myles\dropbox (self storage 1)\desktop\cardiffmyles_gap321_mod03\gap321\game\x64\debug\patrolbehavior.obj
c:\users\myles\dropbox (self storage 1)\desktop\cardiffmyles_gap321_mod03\gap321\game\x64\debug\idlebehavior.obj
c:\users\myles\dropbox (self storage 1)\desktop\cardiffmyles_gap321_mod03\gap321\game\x64\debug\ibehavior.obj
c:\users\myles\dropbox (self storage 1)\desktop\cardiffmyles_gap321_mod03\gap321\game\x64\debug\chasebehavior.obj
c:\users\myles\dropbox (self storage 1)\desktop\cardiffmyles_gap321_mod03\gap321\game\x64\debug\aicomponent.obj
c:\users\myles\dropbox (self storage 1)\desktop\cardiffmyles_gap321_mod03\gap321\game\x64\debug\graphrule.obj
c:\users\myles\dropbox (self storage 1)\desktop\cardiffmyles_gap321_mod03\gap321\game\x64\debug\graphnode.obj
c:\users\myles\dropbox (self storage 1)\desktop\cardiffmyles_gap321_mod03\gap321\game\x64\debug\graph.obj
c:\users\myles\dropbox (self storage 1)\desktop\cardiffmyles_gap321_mod03\gap321\builds\x64_debug\pathfinding.ilk
c:\users\myles\dropbox (self storage 1)\desktop\cardiffmyles_gap321_mod03\gap321\builds\x64_debug\pathfinding.exe
c:\users\myles\dropbox (self storage 1)\desktop\cardiffmyles_gap321_mod03\gap321\builds\x64_debug\pathfinding.pdb
c:\users\myles\dropbox (self storage 1)\desktop\cardiffmyles_gap321_mod03\gap321\builds\x64_debug\pathfinding.lib
c:\users\myles\dropbox (self storage 1)\desktop\cardiffmyles_gap321_mod03\gap321\builds\x64_debug\pathfinding.exp
c:\users\myles\dropbox (self storage 1)\desktop\cardiffmyles_gap321_mod03\gap321\game\x64\debug\pathfinding.tlog\cl.command.1.tlog
c:\users\myles\dropbox (self storage 1)\desktop\cardiffmyles_gap321_mod03\gap321\game\x64\debug\pathfinding.tlog\cl.read.1.tlog
c:\users\myles\dropbox (self storage 1)\desktop\cardiffmyles_gap321_mod03\gap321\game\x64\debug\pathfinding.tlog\cl.write.1.tlog
c:\users\myles\dropbox (self storage 1)\desktop\cardiffmyles_gap321_mod03\gap321\game\x64\debug\pathfinding.tlog\link.command.1.tlog
c:\users\myles\dropbox (self storage 1)\desktop\cardiffmyles_gap321_mod03\gap321\game\x64\debug\pathfinding.tlog\link.read.1.tlog
c:\users\myles\dropbox (self storage 1)\desktop\cardiffmyles_gap321_mod03\gap321\game\x64\debug\pathfinding.tlog\link.write.1.tlog
c:\users\myles\dropbox (self storage 1)\desktop\cardiffmyles_gap321_mod03\gap321\game\x64\debug\pathfinding.tlog\pathfinding.write.1u.tlog
